<?xml version="1.0" encoding="UTF-8"?>
<testsuite name="com.example.demo.DemoApplicationTests" tests="1" skipped="0" failures="0" errors="0" timestamp="2025-10-27T07:48:41.194Z" hostname="MINSEOK" time="0.485">
  <properties/>
  <testcase name="contextLoads()" classname="com.example.demo.DemoApplicationTests" time="0.485"/>
  <system-out><![CDATA[16:48:34.191 [Test worker] INFO org.springframework.test.context.support.AnnotationConfigContextLoaderUtils -- Could not detect default configuration classes for test class [com.example.demo.DemoApplicationTests]: DemoApplicationTests does not declare any static, non-private, non-final, nested classes annotated with @Configuration.
16:48:34.344 [Test worker] INFO org.springframework.boot.test.context.SpringBootTestContextBootstrapper -- Found @SpringBootConfiguration com.example.demo.DemoApplication for test class com.example.demo.DemoApplicationTests

  .   ____          _            __ _ _
 /\\ / ___'_ __ _ _(_)_ __  __ _ \ \ \ \
( ( )\___ | '_ | '_| | '_ \/ _` | \ \ \ \
 \\/  ___)| |_)| | | | | || (_| |  ) ) ) )
  '  |____| .__|_| |_|_| |_\__, | / / / /
 =========|_|==============|___/=/_/_/_/

 :: Spring Boot ::                (v3.4.5)

2025-10-27T16:48:34.856+09:00  INFO 11524 --- [springboot-example] [    Test worker] com.example.demo.DemoApplicationTests    : Starting DemoApplicationTests using Java 17.0.6 with PID 11524 (started by 오민석 in D:\Programming\SpringBoot_Web_Monitoring)
2025-10-27T16:48:34.858+09:00  INFO 11524 --- [springboot-example] [    Test worker] com.example.demo.DemoApplicationTests    : No active profile set, falling back to 1 default profile: "default"
2025-10-27T16:48:35.914+09:00  INFO 11524 --- [springboot-example] [    Test worker] .s.d.r.c.RepositoryConfigurationDelegate : Multiple Spring Data modules found, entering strict repository configuration mode
2025-10-27T16:48:35.915+09:00  INFO 11524 --- [springboot-example] [    Test worker] .s.d.r.c.RepositoryConfigurationDelegate : Bootstrapping Spring Data JDBC repositories in DEFAULT mode.
2025-10-27T16:48:35.963+09:00  INFO 11524 --- [springboot-example] [    Test worker] .s.d.r.c.RepositoryConfigurationDelegate : Finished Spring Data repository scanning in 36 ms. Found 0 JDBC repository interfaces.
2025-10-27T16:48:35.987+09:00  INFO 11524 --- [springboot-example] [    Test worker] .s.d.r.c.RepositoryConfigurationDelegate : Multiple Spring Data modules found, entering strict repository configuration mode
2025-10-27T16:48:35.988+09:00  INFO 11524 --- [springboot-example] [    Test worker] .s.d.r.c.RepositoryConfigurationDelegate : Bootstrapping Spring Data JPA repositories in DEFAULT mode.
2025-10-27T16:48:36.004+09:00  INFO 11524 --- [springboot-example] [    Test worker] .s.d.r.c.RepositoryConfigurationDelegate : Finished Spring Data repository scanning in 3 ms. Found 0 JPA repository interfaces.
2025-10-27T16:48:36.686+09:00  INFO 11524 --- [springboot-example] [    Test worker] com.zaxxer.hikari.HikariDataSource       : HikariPool-1 - Starting...
2025-10-27T16:48:36.986+09:00  INFO 11524 --- [springboot-example] [    Test worker] com.zaxxer.hikari.pool.HikariPool        : HikariPool-1 - Added connection conn0: url=jdbc:h2:mem:testdb user=SA
2025-10-27T16:48:36.990+09:00  INFO 11524 --- [springboot-example] [    Test worker] com.zaxxer.hikari.HikariDataSource       : HikariPool-1 - Start completed.
2025-10-27T16:48:37.494+09:00  INFO 11524 --- [springboot-example] [    Test worker] o.hibernate.jpa.internal.util.LogHelper  : HHH000204: Processing PersistenceUnitInfo [name: default]
2025-10-27T16:48:37.666+09:00  INFO 11524 --- [springboot-example] [    Test worker] org.hibernate.Version                    : HHH000412: Hibernate ORM core version 6.6.13.Final
2025-10-27T16:48:37.732+09:00  INFO 11524 --- [springboot-example] [    Test worker] o.h.c.internal.RegionFactoryInitiator    : HHH000026: Second-level cache disabled
2025-10-27T16:48:38.248+09:00  INFO 11524 --- [springboot-example] [    Test worker] o.s.o.j.p.SpringPersistenceUnitInfo      : No LoadTimeWeaver setup: ignoring JPA class transformer
2025-10-27T16:48:38.349+09:00  INFO 11524 --- [springboot-example] [    Test worker] org.hibernate.orm.connections.pooling    : HHH10001005: Database info:
	Database JDBC URL [Connecting through datasource 'HikariDataSource (HikariPool-1)']
	Database driver: undefined/unknown
	Database version: 2.3.232
	Autocommit mode: undefined/unknown
	Isolation level: undefined/unknown
	Minimum pool size: undefined/unknown
	Maximum pool size: undefined/unknown
2025-10-27T16:48:38.661+09:00  INFO 11524 --- [springboot-example] [    Test worker] o.h.e.t.j.p.i.JtaPlatformInitiator       : HHH000489: No JTA platform available (set 'hibernate.transaction.jta.platform' to enable JTA platform integration)
2025-10-27T16:48:38.666+09:00  INFO 11524 --- [springboot-example] [    Test worker] j.LocalContainerEntityManagerFactoryBean : Initialized JPA EntityManagerFactory for persistence unit 'default'
2025-10-27T16:48:38.924+09:00  WARN 11524 --- [springboot-example] [    Test worker] JpaBaseConfiguration$JpaWebConfiguration : spring.jpa.open-in-view is enabled by default. Therefore, database queries may be performed during view rendering. Explicitly configure spring.jpa.open-in-view to disable this warning
2025-10-27T16:48:39.041+09:00  WARN 11524 --- [springboot-example] [    Test worker] .s.s.UserDetailsServiceAutoConfiguration : 

Using generated security password: 27d6f88d-a5eb-4baa-b76d-59eeb4c51f65

This generated password is for development use only. Your security configuration must be updated before running your application in production.

2025-10-27T16:48:39.076+09:00  INFO 11524 --- [springboot-example] [    Test worker] r$InitializeUserDetailsManagerConfigurer : Global AuthenticationManager configured with UserDetailsService bean with name inMemoryUserDetailsManager
2025-10-27T16:48:39.457+09:00  INFO 11524 --- [springboot-example] [    Test worker] o.s.b.a.w.s.WelcomePageHandlerMapping    : Adding welcome page template: index
2025-10-27T16:48:41.059+09:00  INFO 11524 --- [springboot-example] [    Test worker] o.s.b.a.h2.H2ConsoleAutoConfiguration    : H2 console available at '/h2-console'. Database available at 'jdbc:h2:mem:testdb'
2025-10-27T16:48:41.182+09:00  INFO 11524 --- [springboot-example] [    Test worker] com.example.demo.DemoApplicationTests    : Started DemoApplicationTests in 6.647 seconds (process running for 7.96)
]]></system-out>
  <system-err><![CDATA[]]></system-err>
</testsuite>
