<?xml version="1.0" encoding="UTF-8"?>
<testsuite name="com.example.demo.GenerateBcryptTest" tests="1" skipped="0" failures="0" errors="0" timestamp="2025-10-27T07:48:41.681Z" hostname="MINSEOK" time="0.201">
  <properties/>
  <testcase name="generateHashes()" classname="com.example.demo.GenerateBcryptTest" time="0.201"/>
  <system-out><![CDATA[HASH pass123 -> $2a$10$gb/.cSNZ9LdzzUJbgaXHC.y.pHv38UWTpc4LX7JMPi1Bxq2LzYDiS
HASH pass123 -> $2a$10$F2ANifOOElYmyECQdqy8nuBWqcMMp1uxMG8yy8TyDxJH8BHEpVvWO
HASH pass123 -> $2a$10$WhSU3MyeW7zSQ62hS7FWAuko2zLeizIV7T8bAGB5M9HAkZiJBG0XO
]]></system-out>
  <system-err><![CDATA[]]></system-err>
</testsuite>
